Using pre-set license
Built from '2020.3/release' branch; Version is '2020.3.1f1 (77a89f25062f) revision 7841951'; Using compiler version '192528614'; Build Type 'Release'
OS: 'Windows 10 Home; OS build 19042.985; Version 2009; 64bit' Language: 'en' Physical Memory: 7958 MB
BatchMode: 1, IsHumanControllingUs: 0, StartBugReporterOnCrash: 0, Is64bit: 1, IsPro: 0

 COMMAND LINE ARGUMENTS:
D:\unity\2020.3.1\Editor\Unity.exe
-adb2
-batchMode
-noUpm
-name
AssetImportWorker0
-projectPath
D:/unity/Unity Projects/Spacial-Awareness/Spacial Awareness
-logFile
Logs/AssetImportWorker0.log
-srvPort
51545
Successfully changed project path to: D:/unity/Unity Projects/Spacial-Awareness/Spacial Awareness
D:/unity/Unity Projects/Spacial-Awareness/Spacial Awareness
Using Asset Import Pipeline V2.
Refreshing native plugins compatible for Editor in 195.87 ms, found 0 plugins.
Preloading 0 native plugins for Editor in 0.00 ms.
Initialize engine version: 2020.3.1f1 (77a89f25062f)
[Subsystems] Discovering subsystems at path D:/unity/2020.3.1/Editor/Data/Resources/UnitySubsystems
[Subsystems] Discovering subsystems at path D:/unity/Unity Projects/Spacial-Awareness/Spacial Awareness/Assets
GfxDevice: creating device client; threaded=0
Direct3D:
    Version:  Direct3D 11.0 [level 11.1]
    Renderer: Intel(R) UHD Graphics 620 (ID=0x3ea0)
    Vendor:   
    VRAM:     3979 MB
    Driver:   27.20.100.8935
Shader 'Universal Render Pipeline/Particles/Lit': fallback shader 'Universal Render Pipeline/Particles/SimpleLit' not found
Initialize mono
Mono path[0] = 'D:/unity/2020.3.1/Editor/Data/Managed'
Mono path[1] = 'D:/unity/2020.3.1/Editor/Data/MonoBleedingEdge/lib/mono/unityjit'
Mono config path = 'D:/unity/2020.3.1/Editor/Data/MonoBleedingEdge/etc'
Using monoOptions --debugger-agent=transport=dt_socket,embedding=1,server=y,suspend=n,address=127.0.0.1:56504
Begin MonoManager ReloadAssembly
Registering precompiled unity dll's ...
Register platform support module: D:/unity/2020.3.1/Editor/Data/PlaybackEngines/WebGLSupport/UnityEditor.WebGL.Extensions.dll
Register platform support module: D:/unity/2020.3.1/Editor/Data/PlaybackEngines/WindowsStandaloneSupport/UnityEditor.WindowsStandalone.Extensions.dll
Registered in 0.004707 seconds.
Native extension for WindowsStandalone target not found
Native extension for WebGL target not found
Refreshing native plugins compatible for Editor in 167.19 ms, found 0 plugins.
Preloading 0 native plugins for Editor in 0.00 ms.
Invoked RoslynAnalysisRunner static constructor.
RoslynAnalysisRunner will not be running.
RoslynAnalysisRunner has terminated.
Mono: successfully reloaded assembly
- Completed reload, in  3.412 seconds
Platform modules already initialized, skipping
Registering precompiled user dll's ...
Registered in 0.006178 seconds.
Begin MonoManager ReloadAssembly
Native extension for WindowsStandalone target not found
Native extension for WebGL target not found
Refreshing native plugins compatible for Editor in 233.94 ms, found 0 plugins.
Preloading 0 native plugins for Editor in 0.00 ms.
Invoked RoslynAnalysisRunner static constructor.
RoslynAnalysisRunner will not be running.
RoslynAnalysisRunner has terminated.
Mono: successfully reloaded assembly
- Completed reload, in  4.411 seconds
Platform modules already initialized, skipping
========================================================================
Worker process is ready to serve import requests
Shader 'Universal Render Pipeline/Particles/Lit': fallback shader 'Universal Render Pipeline/Particles/SimpleLit' not found
Launched and connected shader compiler UnityShaderCompiler.exe after 0.39 seconds
Refreshing native plugins compatible for Editor in 2.32 ms, found 0 plugins.
Preloading 0 native plugins for Editor in 0.00 ms.
Unloading 2704 Unused Serialized files (Serialized files now loaded: 0)
System memory in use before: 140.3 MB.
System memory in use after: 140.4 MB.

Unloading 13 unused Assets to reduce memory usage. Loaded Objects now: 3171.
Total: 10.391900 ms (FindLiveObjects: 1.296900 ms CreateObjectMapping: 0.710100 ms MarkObjects: 8.026700 ms  DeleteObjects: 0.352600 ms)

========================================================================
Received Import Request.
  path: Assets/Scenes/Level 1.unity
  artifactKey: Guid(8d462d3abeba4a74db2443a145b428d3) Importer(815301076,1909f56bfc062723c751e8b465ee728b)
Start importing Assets/Scenes/Level 1.unity using Guid(8d462d3abeba4a74db2443a145b428d3) Importer(815301076,1909f56bfc062723c751e8b465ee728b)  -> (artifact id: 'ad1ef9cb483545fbf89162057073de5a') in 0.082325 seconds
  Import took 0.148796 seconds .

========================================================================
Received Import Request.
  Time since last request: 157.957445 seconds.
  path: Assets/Scenes/Level 1/LightingData.asset
  artifactKey: Guid(8cb3a7490a1747c4a8ab301daa57b137) Importer(815301076,1909f56bfc062723c751e8b465ee728b)
Start importing Assets/Scenes/Level 1/LightingData.asset using Guid(8cb3a7490a1747c4a8ab301daa57b137) Importer(815301076,1909f56bfc062723c751e8b465ee728b)  -> (artifact id: '48572476df37f4ab4938332dfe934a54') in 0.468504 seconds
  Import took 0.575235 seconds .

========================================================================
Received Import Request.
  Time since last request: 0.001268 seconds.
  path: Assets/Scenes/Level 1/ReflectionProbe-0.exr
  artifactKey: Guid(2e631b50d7996ee4e895d1459600a202) Importer(815301076,1909f56bfc062723c751e8b465ee728b)
Start importing Assets/Scenes/Level 1/ReflectionProbe-0.exr using Guid(2e631b50d7996ee4e895d1459600a202) Importer(815301076,1909f56bfc062723c751e8b465ee728b)  -> (artifact id: '3ea09be878f1269eb08ecd0a72fed16f') in 0.923536 seconds
  Import took 0.967397 seconds .

========================================================================
Received Import Request.
  Time since last request: 0.272078 seconds.
  path: Assets/Scenes/Shared Assets/Follow.prefab
  artifactKey: Guid(d47346c4303f75a47993933aeacb6cc0) Importer(815301076,1909f56bfc062723c751e8b465ee728b)
Start importing Assets/Scenes/Shared Assets/Follow.prefab using Guid(d47346c4303f75a47993933aeacb6cc0) Importer(815301076,1909f56bfc062723c751e8b465ee728b)  -> (artifact id: '7c8aa683bd2b0cec291cf752529b9db2') in 0.183925 seconds
  Import took 0.228911 seconds .

========================================================================
Received Import Request.
  Time since last request: 0.001059 seconds.
  path: Assets/Scenes/Shared Assets/PanCamera.prefab
  artifactKey: Guid(094370dd733b1f44195530f947ca7017) Importer(815301076,1909f56bfc062723c751e8b465ee728b)
Start importing Assets/Scenes/Shared Assets/PanCamera.prefab using Guid(094370dd733b1f44195530f947ca7017) Importer(815301076,1909f56bfc062723c751e8b465ee728b)  -> (artifact id: '4ad3f92266aba505bf6673ea4e558aff') in 0.068297 seconds
  Import took 0.112909 seconds .

========================================================================
Received Import Request.
  Time since last request: 0.000976 seconds.
  path: Assets/Scenes/Shared Assets/Portal Landing.prefab
  artifactKey: Guid(af10737703eb283409fa87197aa4c6ee) Importer(815301076,1909f56bfc062723c751e8b465ee728b)
Start importing Assets/Scenes/Shared Assets/Portal Landing.prefab using Guid(af10737703eb283409fa87197aa4c6ee) Importer(815301076,1909f56bfc062723c751e8b465ee728b)  -> (artifact id: '7c69059d9c9a696b86c6f3ce944fd70f') in 0.087576 seconds
  Import took 0.106516 seconds .

========================================================================
Received Import Request.
  Time since last request: 0.001091 seconds.
  path: Assets/Scenes/Shared Assets/Stylized Astronaut.prefab
  artifactKey: Guid(235b5050dddd061459dead66672b146d) Importer(815301076,1909f56bfc062723c751e8b465ee728b)
Start importing Assets/Scenes/Shared Assets/Stylized Astronaut.prefab using Guid(235b5050dddd061459dead66672b146d) Importer(815301076,1909f56bfc062723c751e8b465ee728b)  -> (artifact id: '7e81817977ab3d59c661aa49fcfe218f') in 0.615999 seconds
  Import took 0.674907 seconds .

========================================================================
Received Import Request.
  Time since last request: 148.349162 seconds.
  path: Assets/Scripts/Level 2.unity
  artifactKey: Guid(8b0fdd5b7f85b004ebb1c35727b4350d) Importer(815301076,1909f56bfc062723c751e8b465ee728b)
Start importing Assets/Scripts/Level 2.unity using Guid(8b0fdd5b7f85b004ebb1c35727b4350d) Importer(815301076,1909f56bfc062723c751e8b465ee728b)  -> (artifact id: '106cb1b55c826fe549fa4d936a2ccb2b') in 0.012083 seconds
  Import took 0.055089 seconds .

========================================================================
Received Prepare
Registering precompiled user dll's ...
Registered in 0.007572 seconds.
Begin MonoManager ReloadAssembly
Native extension for WindowsStandalone target not found
Native extension for WebGL target not found
Refreshing native plugins compatible for Editor in 1.46 ms, found 0 plugins.
Preloading 0 native plugins for Editor in 0.00 ms.
Invoked RoslynAnalysisRunner static constructor.
RoslynAnalysisRunner will not be running.
RoslynAnalysisRunner has terminated.
Mono: successfully reloaded assembly
- Completed reload, in  3.056 seconds
Platform modules already initialized, skipping
Shader 'Universal Render Pipeline/Particles/Lit': fallback shader 'Universal Render Pipeline/Particles/SimpleLit' not found
Refreshing native plugins compatible for Editor in 1.92 ms, found 0 plugins.
Preloading 0 native plugins for Editor in 0.00 ms.
Unloading 2594 Unused Serialized files (Serialized files now loaded: 0)
System memory in use before: 149.4 MB.
System memory in use after: 149.6 MB.

Unloading 9 unused Assets to reduce memory usage. Loaded Objects now: 3211.
Total: 4.627800 ms (FindLiveObjects: 0.627300 ms CreateObjectMapping: 0.451300 ms MarkObjects: 3.393500 ms  DeleteObjects: 0.152900 ms)

========================================================================
Received Prepare
Registering precompiled user dll's ...
Registered in 0.007323 seconds.
Begin MonoManager ReloadAssembly
Native extension for WindowsStandalone target not found
Native extension for WebGL target not found
Refreshing native plugins compatible for Editor in 1.23 ms, found 0 plugins.
Preloading 0 native plugins for Editor in 0.00 ms.
Invoked RoslynAnalysisRunner static constructor.
RoslynAnalysisRunner will not be running.
RoslynAnalysisRunner has terminated.
Mono: successfully reloaded assembly
- Completed reload, in  2.729 seconds
Platform modules already initialized, skipping
Shader 'Universal Render Pipeline/Particles/Lit': fallback shader 'Universal Render Pipeline/Particles/SimpleLit' not found
Refreshing native plugins compatible for Editor in 1.70 ms, found 0 plugins.
Preloading 0 native plugins for Editor in 0.00 ms.
Unloading 2594 Unused Serialized files (Serialized files now loaded: 0)
System memory in use before: 149.4 MB.
System memory in use after: 149.6 MB.

Unloading 8 unused Assets to reduce memory usage. Loaded Objects now: 3214.
Total: 4.144700 ms (FindLiveObjects: 0.545200 ms CreateObjectMapping: 0.251100 ms MarkObjects: 3.239900 ms  DeleteObjects: 0.105800 ms)

========================================================================
Received Prepare
Registering precompiled user dll's ...
Registered in 0.004642 seconds.
Begin MonoManager ReloadAssembly
Native extension for WindowsStandalone target not found
Native extension for WebGL target not found
Refreshing native plugins compatible for Editor in 1.21 ms, found 0 plugins.
Preloading 0 native plugins for Editor in 0.00 ms.
Invoked RoslynAnalysisRunner static constructor.
RoslynAnalysisRunner will not be running.
RoslynAnalysisRunner has terminated.
Mono: successfully reloaded assembly
- Completed reload, in  2.430 seconds
Platform modules already initialized, skipping
Shader 'Universal Render Pipeline/Particles/Lit': fallback shader 'Universal Render Pipeline/Particles/SimpleLit' not found
Refreshing native plugins compatible for Editor in 0.95 ms, found 0 plugins.
Preloading 0 native plugins for Editor in 0.00 ms.
Unloading 2594 Unused Serialized files (Serialized files now loaded: 0)
System memory in use before: 149.5 MB.
System memory in use after: 149.7 MB.

Unloading 8 unused Assets to reduce memory usage. Loaded Objects now: 3217.
Total: 5.183800 ms (FindLiveObjects: 0.886900 ms CreateObjectMapping: 0.289100 ms MarkObjects: 3.895800 ms  DeleteObjects: 0.109700 ms)

========================================================================
Received Prepare
Registering precompiled user dll's ...
Registered in 0.010060 seconds.
Begin MonoManager ReloadAssembly
Native extension for WindowsStandalone target not found
Native extension for WebGL target not found
Refreshing native plugins compatible for Editor in 1.25 ms, found 0 plugins.
Preloading 0 native plugins for Editor in 0.00 ms.
Invoked RoslynAnalysisRunner static constructor.
RoslynAnalysisRunner will not be running.
RoslynAnalysisRunner has terminated.
Mono: successfully reloaded assembly
- Completed reload, in  2.551 seconds
Platform modules already initialized, skipping
Shader 'Universal Render Pipeline/Particles/Lit': fallback shader 'Universal Render Pipeline/Particles/SimpleLit' not found
Refreshing native plugins compatible for Editor in 1.31 ms, found 0 plugins.
Preloading 0 native plugins for Editor in 0.00 ms.
Unloading 2594 Unused Serialized files (Serialized files now loaded: 0)
System memory in use before: 149.6 MB.
System memory in use after: 149.8 MB.

Unloading 8 unused Assets to reduce memory usage. Loaded Objects now: 3220.
Total: 4.323600 ms (FindLiveObjects: 0.630600 ms CreateObjectMapping: 0.296900 ms MarkObjects: 3.295900 ms  DeleteObjects: 0.094400 ms)

========================================================================
Received Prepare
Registering precompiled user dll's ...
Registered in 0.012661 seconds.
Begin MonoManager ReloadAssembly
Native extension for WindowsStandalone target not found
Native extension for WebGL target not found
Refreshing native plugins compatible for Editor in 1.37 ms, found 0 plugins.
Preloading 0 native plugins for Editor in 0.00 ms.
Invoked RoslynAnalysisRunner static constructor.
RoslynAnalysisRunner will not be running.
RoslynAnalysisRunner has terminated.
Mono: successfully reloaded assembly
- Completed reload, in  2.652 seconds
Platform modules already initialized, skipping
Shader 'Universal Render Pipeline/Particles/Lit': fallback shader 'Universal Render Pipeline/Particles/SimpleLit' not found
Refreshing native plugins compatible for Editor in 1.70 ms, found 0 plugins.
Preloading 0 native plugins for Editor in 0.00 ms.
Unloading 2595 Unused Serialized files (Serialized files now loaded: 0)
System memory in use before: 149.6 MB.
System memory in use after: 149.8 MB.

Unloading 8 unused Assets to reduce memory usage. Loaded Objects now: 3224.
Total: 4.499400 ms (FindLiveObjects: 0.511500 ms CreateObjectMapping: 0.222700 ms MarkObjects: 3.653000 ms  DeleteObjects: 0.110500 ms)

========================================================================
Received Prepare
Registering precompiled user dll's ...
Registered in 0.005506 seconds.
Begin MonoManager ReloadAssembly
Native extension for WindowsStandalone target not found
Native extension for WebGL target not found
Refreshing native plugins compatible for Editor in 1.15 ms, found 0 plugins.
Preloading 0 native plugins for Editor in 0.00 ms.
Invoked RoslynAnalysisRunner static constructor.
RoslynAnalysisRunner will not be running.
RoslynAnalysisRunner has terminated.
Mono: successfully reloaded assembly
- Completed reload, in  2.653 seconds
Platform modules already initialized, skipping
Shader 'Universal Render Pipeline/Particles/Lit': fallback shader 'Universal Render Pipeline/Particles/SimpleLit' not found
Refreshing native plugins compatible for Editor in 1.70 ms, found 0 plugins.
Preloading 0 native plugins for Editor in 0.00 ms.
Unloading 2595 Unused Serialized files (Serialized files now loaded: 0)
System memory in use before: 149.6 MB.
System memory in use after: 149.8 MB.

Unloading 8 unused Assets to reduce memory usage. Loaded Objects now: 3227.
Total: 5.701700 ms (FindLiveObjects: 0.772500 ms CreateObjectMapping: 0.417500 ms MarkObjects: 4.378100 ms  DeleteObjects: 0.131400 ms)

========================================================================
Received Prepare
Registering precompiled user dll's ...
Registered in 0.005179 seconds.
Begin MonoManager ReloadAssembly
Native extension for WindowsStandalone target not found
Native extension for WebGL target not found
Refreshing native plugins compatible for Editor in 1.12 ms, found 0 plugins.
Preloading 0 native plugins for Editor in 0.00 ms.
Invoked RoslynAnalysisRunner static constructor.
RoslynAnalysisRunner will not be running.
RoslynAnalysisRunner has terminated.
Mono: successfully reloaded assembly
- Completed reload, in  2.495 seconds
Platform modules already initialized, skipping
Shader 'Universal Render Pipeline/Particles/Lit': fallback shader 'Universal Render Pipeline/Particles/SimpleLit' not found
Refreshing native plugins compatible for Editor in 0.97 ms, found 0 plugins.
Preloading 0 native plugins for Editor in 0.00 ms.
Unloading 2595 Unused Serialized files (Serialized files now loaded: 0)
System memory in use before: 149.6 MB.
System memory in use after: 149.8 MB.

Unloading 8 unused Assets to reduce memory usage. Loaded Objects now: 3230.
Total: 4.163700 ms (FindLiveObjects: 0.534400 ms CreateObjectMapping: 0.267200 ms MarkObjects: 3.250300 ms  DeleteObjects: 0.110000 ms)

========================================================================
Received Prepare
Registering precompiled user dll's ...
Registered in 0.006947 seconds.
Begin MonoManager ReloadAssembly
Native extension for WindowsStandalone target not found
Native extension for WebGL target not found
Refreshing native plugins compatible for Editor in 1.22 ms, found 0 plugins.
Preloading 0 native plugins for Editor in 0.00 ms.
Invoked RoslynAnalysisRunner static constructor.
RoslynAnalysisRunner will not be running.
RoslynAnalysisRunner has terminated.
Mono: successfully reloaded assembly
- Completed reload, in  2.645 seconds
Platform modules already initialized, skipping
Shader 'Universal Render Pipeline/Particles/Lit': fallback shader 'Universal Render Pipeline/Particles/SimpleLit' not found
Refreshing native plugins compatible for Editor in 1.28 ms, found 0 plugins.
Preloading 0 native plugins for Editor in 0.00 ms.
Unloading 2595 Unused Serialized files (Serialized files now loaded: 0)
System memory in use before: 149.6 MB.
System memory in use after: 149.8 MB.

Unloading 8 unused Assets to reduce memory usage. Loaded Objects now: 3233.
Total: 4.126200 ms (FindLiveObjects: 0.450100 ms CreateObjectMapping: 0.245200 ms MarkObjects: 3.337600 ms  DeleteObjects: 0.091900 ms)

========================================================================
Received Prepare
Registering precompiled user dll's ...
Registered in 0.008543 seconds.
Begin MonoManager ReloadAssembly
Native extension for WindowsStandalone target not found
Native extension for WebGL target not found
Refreshing native plugins compatible for Editor in 1.48 ms, found 0 plugins.
Preloading 0 native plugins for Editor in 0.00 ms.
Invoked RoslynAnalysisRunner static constructor.
RoslynAnalysisRunner will not be running.
RoslynAnalysisRunner has terminated.
Mono: successfully reloaded assembly
- Completed reload, in  2.465 seconds
Platform modules already initialized, skipping
Shader 'Universal Render Pipeline/Particles/Lit': fallback shader 'Universal Render Pipeline/Particles/SimpleLit' not found
Refreshing native plugins compatible for Editor in 0.95 ms, found 0 plugins.
Preloading 0 native plugins for Editor in 0.00 ms.
Unloading 2595 Unused Serialized files (Serialized files now loaded: 0)
System memory in use before: 149.6 MB.
System memory in use after: 149.8 MB.

Unloading 8 unused Assets to reduce memory usage. Loaded Objects now: 3236.
Total: 6.367700 ms (FindLiveObjects: 0.688200 ms CreateObjectMapping: 0.325300 ms MarkObjects: 5.248800 ms  DeleteObjects: 0.103400 ms)

========================================================================
Received Prepare
Registering precompiled user dll's ...
Registered in 0.010467 seconds.
Begin MonoManager ReloadAssembly
Native extension for WindowsStandalone target not found
Native extension for WebGL target not found
Refreshing native plugins compatible for Editor in 2.82 ms, found 0 plugins.
Preloading 0 native plugins for Editor in 0.00 ms.
Invoked RoslynAnalysisRunner static constructor.
RoslynAnalysisRunner will not be running.
RoslynAnalysisRunner has terminated.
Mono: successfully reloaded assembly
- Completed reload, in  2.908 seconds
Platform modules already initialized, skipping
Shader 'Universal Render Pipeline/Particles/Lit': fallback shader 'Universal Render Pipeline/Particles/SimpleLit' not found
Refreshing native plugins compatible for Editor in 1.26 ms, found 0 plugins.
Preloading 0 native plugins for Editor in 0.00 ms.
Unloading 2595 Unused Serialized files (Serialized files now loaded: 0)
System memory in use before: 149.6 MB.
System memory in use after: 149.8 MB.

Unloading 8 unused Assets to reduce memory usage. Loaded Objects now: 3239.
Total: 4.939800 ms (FindLiveObjects: 1.095700 ms CreateObjectMapping: 0.249800 ms MarkObjects: 3.474600 ms  DeleteObjects: 0.117100 ms)

========================================================================
Received Prepare
Registering precompiled user dll's ...
Registered in 0.014897 seconds.
Begin MonoManager ReloadAssembly
Native extension for WindowsStandalone target not found
Native extension for WebGL target not found
Refreshing native plugins compatible for Editor in 1.22 ms, found 0 plugins.
Preloading 0 native plugins for Editor in 0.00 ms.
Invoked RoslynAnalysisRunner static constructor.
RoslynAnalysisRunner will not be running.
RoslynAnalysisRunner has terminated.
Mono: successfully reloaded assembly
- Completed reload, in  2.477 seconds
Platform modules already initialized, skipping
Shader 'Universal Render Pipeline/Particles/Lit': fallback shader 'Universal Render Pipeline/Particles/SimpleLit' not found
Refreshing native plugins compatible for Editor in 1.03 ms, found 0 plugins.
Preloading 0 native plugins for Editor in 0.00 ms.
Unloading 2595 Unused Serialized files (Serialized files now loaded: 0)
System memory in use before: 149.7 MB.
System memory in use after: 149.8 MB.

Unloading 8 unused Assets to reduce memory usage. Loaded Objects now: 3242.
Total: 3.950500 ms (FindLiveObjects: 0.455500 ms CreateObjectMapping: 0.238400 ms MarkObjects: 3.142000 ms  DeleteObjects: 0.112200 ms)

========================================================================
Received Prepare
Registering precompiled user dll's ...
Registered in 0.006801 seconds.
Begin MonoManager ReloadAssembly
Native extension for WindowsStandalone target not found
Native extension for WebGL target not found
Refreshing native plugins compatible for Editor in 1.35 ms, found 0 plugins.
Preloading 0 native plugins for Editor in 0.00 ms.
Invoked RoslynAnalysisRunner static constructor.
RoslynAnalysisRunner will not be running.
RoslynAnalysisRunner has terminated.
Mono: successfully reloaded assembly
- Completed reload, in  3.396 seconds
Platform modules already initialized, skipping
Shader 'Universal Render Pipeline/Particles/Lit': fallback shader 'Universal Render Pipeline/Particles/SimpleLit' not found
Refreshing native plugins compatible for Editor in 2.12 ms, found 0 plugins.
Preloading 0 native plugins for Editor in 0.00 ms.
Unloading 2595 Unused Serialized files (Serialized files now loaded: 0)
System memory in use before: 149.7 MB.
System memory in use after: 149.9 MB.

Unloading 8 unused Assets to reduce memory usage. Loaded Objects now: 3245.
Total: 6.223300 ms (FindLiveObjects: 0.867500 ms CreateObjectMapping: 0.423200 ms MarkObjects: 4.796200 ms  DeleteObjects: 0.133600 ms)

========================================================================
Received Import Request.
  Time since last request: 1655.664491 seconds.
  path: Assets/Scripts/New Lighting Settings.lighting
  artifactKey: Guid(171d8d541b46e96418194f6a97feb893) Importer(815301076,1909f56bfc062723c751e8b465ee728b)
Start importing Assets/Scripts/New Lighting Settings.lighting using Guid(171d8d541b46e96418194f6a97feb893) Importer(815301076,1909f56bfc062723c751e8b465ee728b)  -> (artifact id: '85423c913b5ed42219762e62b229ba18') in 0.037383 seconds
  Import took 0.067450 seconds .

========================================================================
Received Prepare
Registering precompiled user dll's ...
Registered in 0.006671 seconds.
Begin MonoManager ReloadAssembly
Native extension for WindowsStandalone target not found
Native extension for WebGL target not found
Refreshing native plugins compatible for Editor in 2.18 ms, found 0 plugins.
Preloading 0 native plugins for Editor in 0.00 ms.
Invoked RoslynAnalysisRunner static constructor.
RoslynAnalysisRunner will not be running.
RoslynAnalysisRunner has terminated.
Mono: successfully reloaded assembly
- Completed reload, in  2.650 seconds
Platform modules already initialized, skipping
Shader 'Universal Render Pipeline/Particles/Lit': fallback shader 'Universal Render Pipeline/Particles/SimpleLit' not found
Refreshing native plugins compatible for Editor in 1.19 ms, found 0 plugins.
Preloading 0 native plugins for Editor in 0.00 ms.
Unloading 2595 Unused Serialized files (Serialized files now loaded: 0)
System memory in use before: 149.7 MB.
System memory in use after: 149.9 MB.

Unloading 8 unused Assets to reduce memory usage. Loaded Objects now: 3248.
Total: 4.784600 ms (FindLiveObjects: 0.384600 ms CreateObjectMapping: 0.228600 ms MarkObjects: 4.006600 ms  DeleteObjects: 0.163100 ms)

========================================================================
Received Import Request.
  Time since last request: 87.045562 seconds.
  path: Assets/Scenes/Menu/LightingData.asset
  artifactKey: Guid(08a09967ff3515f44b840706be647735) Importer(815301076,1909f56bfc062723c751e8b465ee728b)
Start importing Assets/Scenes/Menu/LightingData.asset using Guid(08a09967ff3515f44b840706be647735) Importer(815301076,1909f56bfc062723c751e8b465ee728b)  -> (artifact id: '53d16347fb9120a32dcdd41405008989') in 0.059620 seconds
  Import took 0.086999 seconds .

========================================================================
Received Import Request.
  Time since last request: 0.000865 seconds.
  path: Assets/Scenes/Menu/ReflectionProbe-0.exr
  artifactKey: Guid(1b8fee2d5d997d249b55ba5da823e00e) Importer(815301076,1909f56bfc062723c751e8b465ee728b)
Start importing Assets/Scenes/Menu/ReflectionProbe-0.exr using Guid(1b8fee2d5d997d249b55ba5da823e00e) Importer(815301076,1909f56bfc062723c751e8b465ee728b)  -> (artifact id: '97c9e106e740306517b3e2fe18292960') in 0.198945 seconds
  Import took 0.239358 seconds .

========================================================================
Received Import Request.
  Time since last request: 9.490543 seconds.
  path: Assets/Scenes/Level 1
  artifactKey: Guid(6122a4479065185498406c2b08c92b5f) Importer(815301076,1909f56bfc062723c751e8b465ee728b)
Start importing Assets/Scenes/Level 1 using Guid(6122a4479065185498406c2b08c92b5f) Importer(815301076,1909f56bfc062723c751e8b465ee728b)  -> (artifact id: '1e2c8e3db24dde604a67aa01123bd542') in 0.475529 seconds
  Import took 0.513717 seconds .

========================================================================
Received Prepare
Registering precompiled user dll's ...
Registered in 0.007728 seconds.
Begin MonoManager ReloadAssembly
Native extension for WindowsStandalone target not found
Native extension for WebGL target not found
Refreshing native plugins compatible for Editor in 1.35 ms, found 0 plugins.
Preloading 0 native plugins for Editor in 0.00 ms.
Invoked RoslynAnalysisRunner static constructor.
RoslynAnalysisRunner will not be running.
RoslynAnalysisRunner has terminated.
Mono: successfully reloaded assembly
- Completed reload, in  2.751 seconds
Platform modules already initialized, skipping
Shader 'Universal Render Pipeline/Particles/Lit': fallback shader 'Universal Render Pipeline/Particles/SimpleLit' not found
Refreshing native plugins compatible for Editor in 1.29 ms, found 0 plugins.
Preloading 0 native plugins for Editor in 0.00 ms.
Unloading 2595 Unused Serialized files (Serialized files now loaded: 0)
System memory in use before: 149.7 MB.
System memory in use after: 149.8 MB.

Unloading 8 unused Assets to reduce memory usage. Loaded Objects now: 3252.
Total: 4.753400 ms (FindLiveObjects: 0.483900 ms CreateObjectMapping: 0.291100 ms MarkObjects: 3.779000 ms  DeleteObjects: 0.197000 ms)

========================================================================
Received Import Request.
  Time since last request: 515.326140 seconds.
  path: Assets/Materials/LIghtTube.mat
  artifactKey: Guid(76bb11765d1501149b71177619f7a804) Importer(815301076,1909f56bfc062723c751e8b465ee728b)
Start importing Assets/Materials/LIghtTube.mat using Guid(76bb11765d1501149b71177619f7a804) Importer(815301076,1909f56bfc062723c751e8b465ee728b)  -> (artifact id: 'c947f2340bf8997bf8d0b3271ab2be59') in 0.365123 seconds
  Import took 0.412951 seconds .

========================================================================
Received Import Request.
  Time since last request: 361.688594 seconds.
  path: ProjectSettings/TagManager.asset
  artifactKey: Guid(00000000000000003000000000000000) Importer(815301076,1909f56bfc062723c751e8b465ee728b)
Start importing ProjectSettings/TagManager.asset using Guid(00000000000000003000000000000000) Importer(815301076,1909f56bfc062723c751e8b465ee728b)  -> (artifact id: 'b9a1e1f84cf4b35ccfa17a1e58a006f2') in 0.021882 seconds
  Import took 0.056924 seconds .

========================================================================
Received Import Request.
  Time since last request: 0.003309 seconds.
  path: ProjectSettings/TagManager.asset
  artifactKey: Guid(00000000000000003000000000000000) Importer(815301076,1909f56bfc062723c751e8b465ee728b)
Start importing ProjectSettings/TagManager.asset using Guid(00000000000000003000000000000000) Importer(815301076,1909f56bfc062723c751e8b465ee728b)  -> (artifact id: 'b9a1e1f84cf4b35ccfa17a1e58a006f2') in 0.016677 seconds
  Import took 0.054438 seconds .

========================================================================
Received Prepare
Registering precompiled user dll's ...
Registered in 0.011576 seconds.
Begin MonoManager ReloadAssembly
Native extension for WindowsStandalone target not found
Native extension for WebGL target not found
Refreshing native plugins compatible for Editor in 0.72 ms, found 0 plugins.
Preloading 0 native plugins for Editor in 0.00 ms.
Invoked RoslynAnalysisRunner static constructor.
RoslynAnalysisRunner will not be running.
RoslynAnalysisRunner has terminated.
Mono: successfully reloaded assembly
- Completed reload, in  1.956 seconds
Platform modules already initialized, skipping
Shader 'Universal Render Pipeline/Particles/Lit': fallback shader 'Universal Render Pipeline/Particles/SimpleLit' not found
Refreshing native plugins compatible for Editor in 1.89 ms, found 0 plugins.
Preloading 0 native plugins for Editor in 0.00 ms.
Unloading 2596 Unused Serialized files (Serialized files now loaded: 0)
System memory in use before: 149.7 MB.
System memory in use after: 149.9 MB.

Unloading 10 unused Assets to reduce memory usage. Loaded Objects now: 3267.
Total: 6.902100 ms (FindLiveObjects: 0.843900 ms CreateObjectMapping: 0.486200 ms MarkObjects: 5.223400 ms  DeleteObjects: 0.344300 ms)

========================================================================
Received Prepare
Registering precompiled user dll's ...
Registered in 0.008903 seconds.
Begin MonoManager ReloadAssembly
Native extension for WindowsStandalone target not found
Native extension for WebGL target not found
Refreshing native plugins compatible for Editor in 2.25 ms, found 0 plugins.
Preloading 0 native plugins for Editor in 0.00 ms.
Invoked RoslynAnalysisRunner static constructor.
RoslynAnalysisRunner will not be running.
RoslynAnalysisRunner has terminated.
Mono: successfully reloaded assembly
- Completed reload, in  3.852 seconds
Platform modules already initialized, skipping
Shader 'Universal Render Pipeline/Particles/Lit': fallback shader 'Universal Render Pipeline/Particles/SimpleLit' not found
Refreshing native plugins compatible for Editor in 1.11 ms, found 0 plugins.
Preloading 0 native plugins for Editor in 0.00 ms.
Unloading 2596 Unused Serialized files (Serialized files now loaded: 0)
System memory in use before: 149.7 MB.
System memory in use after: 149.9 MB.

Unloading 8 unused Assets to reduce memory usage. Loaded Objects now: 3270.
Total: 4.718200 ms (FindLiveObjects: 0.413500 ms CreateObjectMapping: 0.171600 ms MarkObjects: 3.850200 ms  DeleteObjects: 0.281400 ms)

========================================================================
Received Import Request.
  Time since last request: 107.539321 seconds.
  path: Assets/Materials/LIghtTube.mat
  artifactKey: Guid(76bb11765d1501149b71177619f7a804) Importer(815301076,1909f56bfc062723c751e8b465ee728b)
Start importing Assets/Materials/LIghtTube.mat using Guid(76bb11765d1501149b71177619f7a804) Importer(815301076,1909f56bfc062723c751e8b465ee728b)  -> (artifact id: 'e2c306430afe2fac9faabf2737ed5da5') in 0.160832 seconds
  Import took 0.198626 seconds .

AssetImportWorkerClient::OnTransportError - code=2 error=End of file
